<?xml version="1.0" encoding="UTF-8"?>
<!-- Generated by org.testng.reporters.JUnitReportReporter -->
<testsuite skipped="0" hostname="LAPTOP-S7229ANH" name="com.testcases.LoginPageTDD" tests="2" failures="0" timestamp="2021-11-22T15:38:15 IST" time="0.010" errors="0">
  <testcase name="validateLoginTest" time="0.009" classname="com.testcases.LoginPageTDD"/>
  <system-out/>
  <testcase name="validateLoginTest" time="0.001" classname="com.testcases.LoginPageTDD"/>
  <system-out/>
</testsuite> <!-- com.testcases.LoginPageTDD -->
