<?xml version="1.0" encoding="UTF-8"?>
<!-- Generated by org.testng.reporters.JUnitReportReporter -->
<testsuite skipped="2" hostname="LAPTOP-S7229ANH" name="com.testcases.LoginPageTest" tests="3" failures="0" timestamp="2021-11-22T14:56:10 IST" time="15.254" errors="0">
  <testcase name="validateLoginUsingTestNGDataProvider" time="15.254" classname="com.testcases.LoginPageTest"/>
  <system-out/>
  <testcase name="validateTitleTest" classname="com.testcases.LoginPageTest">
    <skipped/>
  </testcase> <!-- validateTitleTest -->
  <system-out/>
  <testcase name="validateLoginTest" classname="com.testcases.LoginPageTest">
    <skipped/>
  </testcase> <!-- validateLoginTest -->
  <system-out/>
</testsuite> <!-- com.testcases.LoginPageTest -->
